c:\users\lenovo\desktop\proyecto lpoo\footballsolution\footballsolution\footballcontroller\x64\debug\footballcontroller.pch
c:\users\lenovo\desktop\proyecto lpoo\footballsolution\footballsolution\footballcontroller\x64\debug\vc143.pdb
c:\users\lenovo\desktop\proyecto lpoo\footballsolution\footballsolution\footballcontroller\x64\debug\pch.obj
c:\users\lenovo\desktop\proyecto lpoo\footballsolution\footballsolution\footballcontroller\x64\debug\footballcontroller.obj
c:\users\lenovo\desktop\proyecto lpoo\footballsolution\footballsolution\footballcontroller\x64\debug\assemblyinfo.obj
c:\users\lenovo\desktop\proyecto lpoo\footballsolution\footballsolution\footballcontroller\x64\debug\.netframework,version=v4.7.2.assemblyattributes.obj
c:\users\lenovo\desktop\proyecto lpoo\footballsolution\footballsolution\x64\debug\footballcontroller.dll
c:\users\lenovo\desktop\proyecto lpoo\footballsolution\footballsolution\x64\debug\footballcontroller.pdb
c:\users\lenovo\desktop\proyecto lpoo\footballsolution\footballsolution\footballcontroller\x64\debug\app.res
c:\users\lenovo\desktop\proyecto lpoo\footballsolution\footballsolution\footballcontroller\x64\debug\football.9ad72168.tlog\cl.command.1.tlog
c:\users\lenovo\desktop\proyecto lpoo\footballsolution\footballsolution\footballcontroller\x64\debug\football.9ad72168.tlog\cl.read.1.tlog
c:\users\lenovo\desktop\proyecto lpoo\footballsolution\footballsolution\footballcontroller\x64\debug\football.9ad72168.tlog\cl.write.1.tlog
c:\users\lenovo\desktop\proyecto lpoo\footballsolution\footballsolution\footballcontroller\x64\debug\football.9ad72168.tlog\link.command.1.tlog
c:\users\lenovo\desktop\proyecto lpoo\footballsolution\footballsolution\footballcontroller\x64\debug\football.9ad72168.tlog\link.read.1.tlog
c:\users\lenovo\desktop\proyecto lpoo\footballsolution\footballsolution\footballcontroller\x64\debug\football.9ad72168.tlog\link.write.1.tlog
c:\users\lenovo\desktop\proyecto lpoo\footballsolution\footballsolution\footballcontroller\x64\debug\football.9ad72168.tlog\metagen.read.1.tlog
c:\users\lenovo\desktop\proyecto lpoo\footballsolution\footballsolution\footballcontroller\x64\debug\football.9ad72168.tlog\metagen.write.1.tlog
c:\users\lenovo\desktop\proyecto lpoo\footballsolution\footballsolution\footballcontroller\x64\debug\football.9ad72168.tlog\rc.command.1.tlog
c:\users\lenovo\desktop\proyecto lpoo\footballsolution\footballsolution\footballcontroller\x64\debug\football.9ad72168.tlog\rc.read.1.tlog
c:\users\lenovo\desktop\proyecto lpoo\footballsolution\footballsolution\footballcontroller\x64\debug\football.9ad72168.tlog\rc.write.1.tlog
