c:\users\mateo\downloads\lpoo_2022-2_pucp\proyecto lpoo\footballsolution\footballview\x64\debug\footballview.pch
c:\users\mateo\downloads\lpoo_2022-2_pucp\proyecto lpoo\footballsolution\footballview\x64\debug\vc143.pdb
c:\users\mateo\downloads\lpoo_2022-2_pucp\proyecto lpoo\footballsolution\footballview\x64\debug\pch.obj
c:\users\mateo\downloads\lpoo_2022-2_pucp\proyecto lpoo\footballsolution\footballview\x64\debug\tournamentform.obj
c:\users\mateo\downloads\lpoo_2022-2_pucp\proyecto lpoo\footballsolution\footballview\x64\debug\teamsform.obj
c:\users\mateo\downloads\lpoo_2022-2_pucp\proyecto lpoo\footballsolution\footballview\x64\debug\tablepositions.obj
c:\users\mateo\downloads\lpoo_2022-2_pucp\proyecto lpoo\footballsolution\footballview\x64\debug\results1.obj
c:\users\mateo\downloads\lpoo_2022-2_pucp\proyecto lpoo\footballsolution\footballview\x64\debug\myform.obj
c:\users\mateo\downloads\lpoo_2022-2_pucp\proyecto lpoo\footballsolution\footballview\x64\debug\loginform.obj
c:\users\mateo\downloads\lpoo_2022-2_pucp\proyecto lpoo\footballsolution\footballview\x64\debug\inscriptionsearchfrom.obj
c:\users\mateo\downloads\lpoo_2022-2_pucp\proyecto lpoo\footballsolution\footballview\x64\debug\footballview.obj
c:\users\mateo\downloads\lpoo_2022-2_pucp\proyecto lpoo\footballsolution\footballview\x64\debug\inscriptionform.obj
c:\users\mateo\downloads\lpoo_2022-2_pucp\proyecto lpoo\footballsolution\footballview\x64\debug\footballmainform.obj
c:\users\mateo\downloads\lpoo_2022-2_pucp\proyecto lpoo\footballsolution\footballview\x64\debug\datosmatch.obj
c:\users\mateo\downloads\lpoo_2022-2_pucp\proyecto lpoo\footballsolution\footballview\x64\debug\comboboxitem.obj
c:\users\mateo\downloads\lpoo_2022-2_pucp\proyecto lpoo\footballsolution\footballview\x64\debug\assemblyinfo.obj
c:\users\mateo\downloads\lpoo_2022-2_pucp\proyecto lpoo\footballsolution\footballview\x64\debug\.netframework,version=v4.7.2.assemblyattributes.obj
c:\users\mateo\onedrive\documentos\lpoo_2022-2_pucp\proyecto lpoo\footballsolution\footballview\x64\debug\footballview.pch
c:\users\mateo\onedrive\documentos\lpoo_2022-2_pucp\proyecto lpoo\footballsolution\footballview\x64\debug\vc143.pdb
c:\users\mateo\onedrive\documentos\lpoo_2022-2_pucp\proyecto lpoo\footballsolution\footballview\x64\debug\pch.obj
c:\users\mateo\onedrive\documentos\lpoo_2022-2_pucp\proyecto lpoo\footballsolution\footballview\x64\debug\tournamentform.obj
c:\users\mateo\onedrive\documentos\lpoo_2022-2_pucp\proyecto lpoo\footballsolution\footballview\x64\debug\teamsform.obj
c:\users\mateo\onedrive\documentos\lpoo_2022-2_pucp\proyecto lpoo\footballsolution\footballview\x64\debug\tablepositions.obj
c:\users\mateo\onedrive\documentos\lpoo_2022-2_pucp\proyecto lpoo\footballsolution\footballview\x64\debug\results1.obj
c:\users\mateo\onedrive\documentos\lpoo_2022-2_pucp\proyecto lpoo\footballsolution\footballview\x64\debug\myform.obj
c:\users\mateo\onedrive\documentos\lpoo_2022-2_pucp\proyecto lpoo\footballsolution\footballview\x64\debug\loginform.obj
c:\users\mateo\onedrive\documentos\lpoo_2022-2_pucp\proyecto lpoo\footballsolution\footballview\x64\debug\inscriptionsearchfrom.obj
c:\users\mateo\onedrive\documentos\lpoo_2022-2_pucp\proyecto lpoo\footballsolution\footballview\x64\debug\footballview.obj
c:\users\mateo\onedrive\documentos\lpoo_2022-2_pucp\proyecto lpoo\footballsolution\footballview\x64\debug\inscriptionform.obj
c:\users\mateo\onedrive\documentos\lpoo_2022-2_pucp\proyecto lpoo\footballsolution\footballview\x64\debug\footballmainform.obj
c:\users\mateo\onedrive\documentos\lpoo_2022-2_pucp\proyecto lpoo\footballsolution\footballview\x64\debug\datosmatch.obj
c:\users\mateo\onedrive\documentos\lpoo_2022-2_pucp\proyecto lpoo\footballsolution\footballview\x64\debug\comboboxitem.obj
c:\users\mateo\onedrive\documentos\lpoo_2022-2_pucp\proyecto lpoo\footballsolution\footballview\x64\debug\assemblyinfo.obj
c:\users\mateo\onedrive\documentos\lpoo_2022-2_pucp\proyecto lpoo\footballsolution\footballview\x64\debug\.netframework,version=v4.7.2.assemblyattributes.obj
c:\users\mateo\downloads\lpoo_2022-2_pucp\proyecto lpoo\footballsolution\x64\debug\footballview.exe
c:\users\mateo\downloads\lpoo_2022-2_pucp\proyecto lpoo\footballsolution\x64\debug\footballview.pdb
c:\users\mateo\onedrive\documentos\lpoo_2022-2_pucp\proyecto lpoo\footballsolution\x64\debug\footballview.exe
c:\users\mateo\onedrive\documentos\lpoo_2022-2_pucp\proyecto lpoo\footballsolution\x64\debug\footballview.pdb
c:\users\mateo\downloads\lpoo_2022-2_pucp\proyecto lpoo\footballsolution\footballview\x64\debug\app.res
c:\users\mateo\onedrive\documentos\lpoo_2022-2_pucp\proyecto lpoo\footballsolution\footballview\x64\debug\app.res
c:\users\mateo\onedrive\documentos\lpoo_2022-2_pucp\proyecto lpoo\footballsolution\footballview\x64\debug\footballview.tlog\cl.command.1.tlog
c:\users\mateo\onedrive\documentos\lpoo_2022-2_pucp\proyecto lpoo\footballsolution\footballview\x64\debug\footballview.tlog\cl.read.1.tlog
c:\users\mateo\onedrive\documentos\lpoo_2022-2_pucp\proyecto lpoo\footballsolution\footballview\x64\debug\footballview.tlog\cl.write.1.tlog
c:\users\mateo\onedrive\documentos\lpoo_2022-2_pucp\proyecto lpoo\footballsolution\footballview\x64\debug\footballview.tlog\link.command.1.tlog
c:\users\mateo\onedrive\documentos\lpoo_2022-2_pucp\proyecto lpoo\footballsolution\footballview\x64\debug\footballview.tlog\link.read.1.tlog
c:\users\mateo\onedrive\documentos\lpoo_2022-2_pucp\proyecto lpoo\footballsolution\footballview\x64\debug\footballview.tlog\link.write.1.tlog
c:\users\mateo\onedrive\documentos\lpoo_2022-2_pucp\proyecto lpoo\footballsolution\footballview\x64\debug\footballview.tlog\metagen.read.1.tlog
c:\users\mateo\onedrive\documentos\lpoo_2022-2_pucp\proyecto lpoo\footballsolution\footballview\x64\debug\footballview.tlog\metagen.write.1.tlog
c:\users\mateo\onedrive\documentos\lpoo_2022-2_pucp\proyecto lpoo\footballsolution\footballview\x64\debug\footballview.tlog\rc.command.1.tlog
c:\users\mateo\onedrive\documentos\lpoo_2022-2_pucp\proyecto lpoo\footballsolution\footballview\x64\debug\footballview.tlog\rc.read.1.tlog
c:\users\mateo\onedrive\documentos\lpoo_2022-2_pucp\proyecto lpoo\footballsolution\footballview\x64\debug\footballview.tlog\rc.write.1.tlog
c:\users\mateo\onedrive\documentos\lpoo_2022-2_pucp\proyecto lpoo\footballsolution\footballview\x64\debug\footballview.tlog\resgen.command.1.tlog
c:\users\mateo\onedrive\documentos\lpoo_2022-2_pucp\proyecto lpoo\footballsolution\footballview\x64\debug\footballview.tlog\resgen.read.1.tlog
c:\users\mateo\onedrive\documentos\lpoo_2022-2_pucp\proyecto lpoo\footballsolution\footballview\x64\debug\footballview.tlog\resgen.write.1.tlog
